[1.151s] Invoking command in '/home/robu/work/robu_herdon19_ws/src/robu': PYTHONPATH=/home/robu/work/robu_herdon19_ws/build/robu/prefix_override:/home/robu/work/robu_herdon19_ws/install/robu/lib/python3.10/site-packages:${PYTHONPATH} /usr/bin/python3 setup.py egg_info --egg-base ../../build/robu build --build-base /home/robu/work/robu_herdon19_ws/build/robu/build install --record /home/robu/work/robu_herdon19_ws/build/robu/install.log --single-version-externally-managed
[1.576s] running egg_info
[1.578s] writing ../../build/robu/robu.egg-info/PKG-INFO
[1.580s] writing dependency_links to ../../build/robu/robu.egg-info/dependency_links.txt
[1.581s] writing entry points to ../../build/robu/robu.egg-info/entry_points.txt
[1.583s] writing requirements to ../../build/robu/robu.egg-info/requires.txt
[1.584s] writing top-level names to ../../build/robu/robu.egg-info/top_level.txt
[1.590s] reading manifest file '../../build/robu/robu.egg-info/SOURCES.txt'
[1.591s] writing manifest file '../../build/robu/robu.egg-info/SOURCES.txt'
[1.592s] running build
[1.592s] running build_py
[1.593s] copying robu/ex10_wallfollower.py -> /home/robu/work/robu_herdon19_ws/build/robu/build/lib/robu
[1.594s] running install
[1.595s] running install_lib
[1.597s] copying /home/robu/work/robu_herdon19_ws/build/robu/build/lib/robu/ex10_wallfollower.py -> /home/robu/work/robu_herdon19_ws/install/robu/lib/python3.10/site-packages/robu
[1.599s] byte-compiling /home/robu/work/robu_herdon19_ws/install/robu/lib/python3.10/site-packages/robu/ex10_wallfollower.py to ex10_wallfollower.cpython-310.pyc
[1.601s] running install_data
[1.602s] running install_egg_info
[1.605s] removing '/home/robu/work/robu_herdon19_ws/install/robu/lib/python3.10/site-packages/robu-0.0.0-py3.10.egg-info' (and everything under it)
[1.608s] Copying ../../build/robu/robu.egg-info to /home/robu/work/robu_herdon19_ws/install/robu/lib/python3.10/site-packages/robu-0.0.0-py3.10.egg-info
[1.615s] running install_scripts
[1.643s] Installing mypublisher script to /home/robu/work/robu_herdon19_ws/install/robu/lib/robu
[1.644s] Installing mysubscriber script to /home/robu/work/robu_herdon19_ws/install/robu/lib/robu
[1.645s] Installing wallfollower script to /home/robu/work/robu_herdon19_ws/install/robu/lib/robu
[1.652s] writing list of installed files to '/home/robu/work/robu_herdon19_ws/build/robu/install.log'
[1.699s] Invoked command in '/home/robu/work/robu_herdon19_ws/src/robu' returned '0': PYTHONPATH=/home/robu/work/robu_herdon19_ws/build/robu/prefix_override:/home/robu/work/robu_herdon19_ws/install/robu/lib/python3.10/site-packages:${PYTHONPATH} /usr/bin/python3 setup.py egg_info --egg-base ../../build/robu build --build-base /home/robu/work/robu_herdon19_ws/build/robu/build install --record /home/robu/work/robu_herdon19_ws/build/robu/install.log --single-version-externally-managed
