[1.098s] Invoking command in '/home/robu/work/robu_herdon19_ws/src/robu': PYTHONPATH=/home/robu/work/robu_herdon19_ws/build/robu/prefix_override:/home/robu/work/robu_herdon19_ws/install/robu/lib/python3.10/site-packages:${PYTHONPATH} /usr/bin/python3 setup.py egg_info --egg-base ../../build/robu build --build-base /home/robu/work/robu_herdon19_ws/build/robu/build install --record /home/robu/work/robu_herdon19_ws/build/robu/install.log --single-version-externally-managed
[1.491s] running egg_info
[1.492s] creating ../../build/robu/robu.egg-info
[1.493s] writing ../../build/robu/robu.egg-info/PKG-INFO
[1.494s] writing dependency_links to ../../build/robu/robu.egg-info/dependency_links.txt
[1.495s] writing entry points to ../../build/robu/robu.egg-info/entry_points.txt
[1.496s] writing requirements to ../../build/robu/robu.egg-info/requires.txt
[1.496s] writing top-level names to ../../build/robu/robu.egg-info/top_level.txt
[1.497s] writing manifest file '../../build/robu/robu.egg-info/SOURCES.txt'
[1.500s] reading manifest file '../../build/robu/robu.egg-info/SOURCES.txt'
[1.502s] writing manifest file '../../build/robu/robu.egg-info/SOURCES.txt'
[1.502s] running build
[1.503s] running build_py
[1.503s] creating /home/robu/work/robu_herdon19_ws/build/robu/build
[1.504s] creating /home/robu/work/robu_herdon19_ws/build/robu/build/lib
[1.504s] creating /home/robu/work/robu_herdon19_ws/build/robu/build/lib/robu
[1.505s] copying robu/ex10_wallfollower.py -> /home/robu/work/robu_herdon19_ws/build/robu/build/lib/robu
[1.505s] copying robu/publisher_member_function.py -> /home/robu/work/robu_herdon19_ws/build/robu/build/lib/robu
[1.506s] copying robu/__init__.py -> /home/robu/work/robu_herdon19_ws/build/robu/build/lib/robu
[1.506s] copying robu/subscriber_member_function.py -> /home/robu/work/robu_herdon19_ws/build/robu/build/lib/robu
[1.507s] running install
[1.509s] running install_lib
[1.511s] creating /home/robu/work/robu_herdon19_ws/install/robu/lib/python3.10/site-packages/robu
[1.511s] copying /home/robu/work/robu_herdon19_ws/build/robu/build/lib/robu/ex10_wallfollower.py -> /home/robu/work/robu_herdon19_ws/install/robu/lib/python3.10/site-packages/robu
[1.511s] copying /home/robu/work/robu_herdon19_ws/build/robu/build/lib/robu/publisher_member_function.py -> /home/robu/work/robu_herdon19_ws/install/robu/lib/python3.10/site-packages/robu
[1.512s] copying /home/robu/work/robu_herdon19_ws/build/robu/build/lib/robu/__init__.py -> /home/robu/work/robu_herdon19_ws/install/robu/lib/python3.10/site-packages/robu
[1.512s] copying /home/robu/work/robu_herdon19_ws/build/robu/build/lib/robu/subscriber_member_function.py -> /home/robu/work/robu_herdon19_ws/install/robu/lib/python3.10/site-packages/robu
[1.513s] byte-compiling /home/robu/work/robu_herdon19_ws/install/robu/lib/python3.10/site-packages/robu/ex10_wallfollower.py to ex10_wallfollower.cpython-310.pyc
[1.514s] byte-compiling /home/robu/work/robu_herdon19_ws/install/robu/lib/python3.10/site-packages/robu/publisher_member_function.py to publisher_member_function.cpython-310.pyc
[1.514s] byte-compiling /home/robu/work/robu_herdon19_ws/install/robu/lib/python3.10/site-packages/robu/__init__.py to __init__.cpython-310.pyc
[1.515s] byte-compiling /home/robu/work/robu_herdon19_ws/install/robu/lib/python3.10/site-packages/robu/subscriber_member_function.py to subscriber_member_function.cpython-310.pyc
[1.516s] running install_data
[1.520s] creating /home/robu/work/robu_herdon19_ws/install/robu/share
[1.520s] creating /home/robu/work/robu_herdon19_ws/install/robu/share/ament_index
[1.520s] creating /home/robu/work/robu_herdon19_ws/install/robu/share/ament_index/resource_index
[1.521s] creating /home/robu/work/robu_herdon19_ws/install/robu/share/ament_index/resource_index/packages
[1.521s] copying resource/robu -> /home/robu/work/robu_herdon19_ws/install/robu/share/ament_index/resource_index/packages
[1.521s] creating /home/robu/work/robu_herdon19_ws/install/robu/share/robu
[1.522s] copying package.xml -> /home/robu/work/robu_herdon19_ws/install/robu/share/robu
[1.522s] running install_egg_info
[1.525s] Copying ../../build/robu/robu.egg-info to /home/robu/work/robu_herdon19_ws/install/robu/lib/python3.10/site-packages/robu-0.0.0-py3.10.egg-info
[1.527s] running install_scripts
[1.559s] Installing mypublisher script to /home/robu/work/robu_herdon19_ws/install/robu/lib/robu
[1.559s] Installing mysubscriber script to /home/robu/work/robu_herdon19_ws/install/robu/lib/robu
[1.559s] Installing wallfollower script to /home/robu/work/robu_herdon19_ws/install/robu/lib/robu
[1.561s] writing list of installed files to '/home/robu/work/robu_herdon19_ws/build/robu/install.log'
[1.604s] Invoked command in '/home/robu/work/robu_herdon19_ws/src/robu' returned '0': PYTHONPATH=/home/robu/work/robu_herdon19_ws/build/robu/prefix_override:/home/robu/work/robu_herdon19_ws/install/robu/lib/python3.10/site-packages:${PYTHONPATH} /usr/bin/python3 setup.py egg_info --egg-base ../../build/robu build --build-base /home/robu/work/robu_herdon19_ws/build/robu/build install --record /home/robu/work/robu_herdon19_ws/build/robu/install.log --single-version-externally-managed
