[1.037s] Invoking command in '/home/robu/work/robu_herdon19_ws/src/robu': PYTHONPATH=/home/robu/work/robu_herdon19_ws/build/robu/prefix_override:/home/robu/work/robu_herdon19_ws/install/robu/lib/python3.10/site-packages:${PYTHONPATH} /usr/bin/python3 setup.py egg_info --egg-base ../../build/robu build --build-base /home/robu/work/robu_herdon19_ws/build/robu/build install --record /home/robu/work/robu_herdon19_ws/build/robu/install.log --single-version-externally-managed
[1.415s] running egg_info
[1.416s] writing ../../build/robu/robu.egg-info/PKG-INFO
[1.416s] writing dependency_links to ../../build/robu/robu.egg-info/dependency_links.txt
[1.416s] writing entry points to ../../build/robu/robu.egg-info/entry_points.txt
[1.417s] writing requirements to ../../build/robu/robu.egg-info/requires.txt
[1.417s] writing top-level names to ../../build/robu/robu.egg-info/top_level.txt
[1.420s] reading manifest file '../../build/robu/robu.egg-info/SOURCES.txt'
[1.421s] writing manifest file '../../build/robu/robu.egg-info/SOURCES.txt'
[1.421s] running build
[1.421s] running build_py
[1.422s] running install
[1.422s] running install_lib
[1.424s] running install_data
[1.424s] copying package.xml -> /home/robu/work/robu_herdon19_ws/install/robu/share/robu
[1.425s] running install_egg_info
[1.427s] removing '/home/robu/work/robu_herdon19_ws/install/robu/lib/python3.10/site-packages/robu-0.0.0-py3.10.egg-info' (and everything under it)
[1.427s] Copying ../../build/robu/robu.egg-info to /home/robu/work/robu_herdon19_ws/install/robu/lib/python3.10/site-packages/robu-0.0.0-py3.10.egg-info
[1.429s] running install_scripts
[1.459s] Installing mypublisher script to /home/robu/work/robu_herdon19_ws/install/robu/lib/robu
[1.459s] Installing mysubscriber script to /home/robu/work/robu_herdon19_ws/install/robu/lib/robu
[1.459s] Installing wallfollower script to /home/robu/work/robu_herdon19_ws/install/robu/lib/robu
[1.460s] writing list of installed files to '/home/robu/work/robu_herdon19_ws/build/robu/install.log'
[1.517s] Invoked command in '/home/robu/work/robu_herdon19_ws/src/robu' returned '0': PYTHONPATH=/home/robu/work/robu_herdon19_ws/build/robu/prefix_override:/home/robu/work/robu_herdon19_ws/install/robu/lib/python3.10/site-packages:${PYTHONPATH} /usr/bin/python3 setup.py egg_info --egg-base ../../build/robu build --build-base /home/robu/work/robu_herdon19_ws/build/robu/build install --record /home/robu/work/robu_herdon19_ws/build/robu/install.log --single-version-externally-managed
