[1.418s] Invoking command in '/home/robu/work/robu_herdon19_ws/src/robu': PYTHONPATH=/home/robu/work/robu_herdon19_ws/build/robu/prefix_override:/home/robu/work/robu_herdon19_ws/install/robu/lib/python3.10/site-packages:${PYTHONPATH} /usr/bin/python3 setup.py egg_info --egg-base ../../build/robu build --build-base /home/robu/work/robu_herdon19_ws/build/robu/build install --record /home/robu/work/robu_herdon19_ws/build/robu/install.log --single-version-externally-managed
[1.991s] running egg_info
[1.992s] writing ../../build/robu/robu.egg-info/PKG-INFO
[1.996s] writing dependency_links to ../../build/robu/robu.egg-info/dependency_links.txt
[1.996s] writing entry points to ../../build/robu/robu.egg-info/entry_points.txt
[1.996s] writing requirements to ../../build/robu/robu.egg-info/requires.txt
[1.996s] writing top-level names to ../../build/robu/robu.egg-info/top_level.txt
[1.997s] reading manifest file '../../build/robu/robu.egg-info/SOURCES.txt'
[1.997s] writing manifest file '../../build/robu/robu.egg-info/SOURCES.txt'
[1.997s] running build
[1.998s] running build_py
[1.998s] copying robu/ex10_wallfollower.py -> /home/robu/work/robu_herdon19_ws/build/robu/build/lib/robu
[1.998s] running install
[1.998s] running install_lib
[1.999s] copying /home/robu/work/robu_herdon19_ws/build/robu/build/lib/robu/ex10_wallfollower.py -> /home/robu/work/robu_herdon19_ws/install/robu/lib/python3.10/site-packages/robu
[2.000s] byte-compiling /home/robu/work/robu_herdon19_ws/install/robu/lib/python3.10/site-packages/robu/ex10_wallfollower.py to ex10_wallfollower.cpython-310.pyc
[2.002s] running install_data
[2.002s] running install_egg_info
[2.004s] removing '/home/robu/work/robu_herdon19_ws/install/robu/lib/python3.10/site-packages/robu-0.0.0-py3.10.egg-info' (and everything under it)
[2.005s] Copying ../../build/robu/robu.egg-info to /home/robu/work/robu_herdon19_ws/install/robu/lib/python3.10/site-packages/robu-0.0.0-py3.10.egg-info
[2.006s] running install_scripts
[2.040s] Installing mypublisher script to /home/robu/work/robu_herdon19_ws/install/robu/lib/robu
[2.042s] Installing mysubscriber script to /home/robu/work/robu_herdon19_ws/install/robu/lib/robu
[2.042s] Installing wallfollower script to /home/robu/work/robu_herdon19_ws/install/robu/lib/robu
[2.044s] writing list of installed files to '/home/robu/work/robu_herdon19_ws/build/robu/install.log'
[2.105s] Invoked command in '/home/robu/work/robu_herdon19_ws/src/robu' returned '0': PYTHONPATH=/home/robu/work/robu_herdon19_ws/build/robu/prefix_override:/home/robu/work/robu_herdon19_ws/install/robu/lib/python3.10/site-packages:${PYTHONPATH} /usr/bin/python3 setup.py egg_info --egg-base ../../build/robu build --build-base /home/robu/work/robu_herdon19_ws/build/robu/build install --record /home/robu/work/robu_herdon19_ws/build/robu/install.log --single-version-externally-managed
