[1.469s] Invoking command in '/home/robu/work/robu_herdon19_ws/src/robu': PYTHONPATH=/home/robu/work/robu_herdon19_ws/build/robu/prefix_override:/home/robu/work/robu_herdon19_ws/install/robu/lib/python3.10/site-packages:${PYTHONPATH} /usr/bin/python3 setup.py egg_info --egg-base ../../build/robu build --build-base /home/robu/work/robu_herdon19_ws/build/robu/build install --record /home/robu/work/robu_herdon19_ws/build/robu/install.log --single-version-externally-managed
[1.945s] running egg_info
[1.948s] writing ../../build/robu/robu.egg-info/PKG-INFO
[1.949s] writing dependency_links to ../../build/robu/robu.egg-info/dependency_links.txt
[1.950s] writing entry points to ../../build/robu/robu.egg-info/entry_points.txt
[1.950s] writing requirements to ../../build/robu/robu.egg-info/requires.txt
[1.950s] writing top-level names to ../../build/robu/robu.egg-info/top_level.txt
[1.952s] reading manifest file '../../build/robu/robu.egg-info/SOURCES.txt'
[1.954s] writing manifest file '../../build/robu/robu.egg-info/SOURCES.txt'
[1.954s] running build
[1.955s] running build_py
[1.955s] copying robu/ex10_wallfollower.py -> /home/robu/work/robu_herdon19_ws/build/robu/build/lib/robu
[1.959s] running install
[1.960s] running install_lib
[1.960s] copying /home/robu/work/robu_herdon19_ws/build/robu/build/lib/robu/ex10_wallfollower.py -> /home/robu/work/robu_herdon19_ws/install/robu/lib/python3.10/site-packages/robu
[1.960s] byte-compiling /home/robu/work/robu_herdon19_ws/install/robu/lib/python3.10/site-packages/robu/ex10_wallfollower.py to ex10_wallfollower.cpython-310.pyc
[1.963s] running install_data
[1.964s] running install_egg_info
[1.965s] removing '/home/robu/work/robu_herdon19_ws/install/robu/lib/python3.10/site-packages/robu-0.0.0-py3.10.egg-info' (and everything under it)
[1.966s] Copying ../../build/robu/robu.egg-info to /home/robu/work/robu_herdon19_ws/install/robu/lib/python3.10/site-packages/robu-0.0.0-py3.10.egg-info
[1.967s] running install_scripts
[2.009s] Installing mypublisher script to /home/robu/work/robu_herdon19_ws/install/robu/lib/robu
[2.009s] Installing mysubscriber script to /home/robu/work/robu_herdon19_ws/install/robu/lib/robu
[2.010s] Installing wallfollower script to /home/robu/work/robu_herdon19_ws/install/robu/lib/robu
[2.011s] writing list of installed files to '/home/robu/work/robu_herdon19_ws/build/robu/install.log'
[2.068s] Invoked command in '/home/robu/work/robu_herdon19_ws/src/robu' returned '0': PYTHONPATH=/home/robu/work/robu_herdon19_ws/build/robu/prefix_override:/home/robu/work/robu_herdon19_ws/install/robu/lib/python3.10/site-packages:${PYTHONPATH} /usr/bin/python3 setup.py egg_info --egg-base ../../build/robu build --build-base /home/robu/work/robu_herdon19_ws/build/robu/build install --record /home/robu/work/robu_herdon19_ws/build/robu/install.log --single-version-externally-managed
