[0.912s] Invoking command in '/home/robu/work/robu_herdon19_ws/src/robu': PYTHONPATH=/home/robu/work/robu_herdon19_ws/build/robu/prefix_override:/home/robu/work/robu_herdon19_ws/install/robu/lib/python3.10/site-packages:${PYTHONPATH} /usr/bin/python3 setup.py egg_info --egg-base ../../build/robu build --build-base /home/robu/work/robu_herdon19_ws/build/robu/build install --record /home/robu/work/robu_herdon19_ws/build/robu/install.log --single-version-externally-managed
[1.256s] running egg_info
[1.257s] writing ../../build/robu/robu.egg-info/PKG-INFO
[1.258s] writing dependency_links to ../../build/robu/robu.egg-info/dependency_links.txt
[1.259s] writing entry points to ../../build/robu/robu.egg-info/entry_points.txt
[1.259s] writing requirements to ../../build/robu/robu.egg-info/requires.txt
[1.260s] writing top-level names to ../../build/robu/robu.egg-info/top_level.txt
[1.263s] reading manifest file '../../build/robu/robu.egg-info/SOURCES.txt'
[1.264s] writing manifest file '../../build/robu/robu.egg-info/SOURCES.txt'
[1.265s] running build
[1.265s] running build_py
[1.265s] copying robu/ex10_wallfollower.py -> /home/robu/work/robu_herdon19_ws/build/robu/build/lib/robu
[1.266s] running install
[1.267s] running install_lib
[1.268s] copying /home/robu/work/robu_herdon19_ws/build/robu/build/lib/robu/ex10_wallfollower.py -> /home/robu/work/robu_herdon19_ws/install/robu/lib/python3.10/site-packages/robu
[1.269s] byte-compiling /home/robu/work/robu_herdon19_ws/install/robu/lib/python3.10/site-packages/robu/ex10_wallfollower.py to ex10_wallfollower.cpython-310.pyc
[1.270s] running install_data
[1.271s] running install_egg_info
[1.273s] removing '/home/robu/work/robu_herdon19_ws/install/robu/lib/python3.10/site-packages/robu-0.0.0-py3.10.egg-info' (and everything under it)
[1.274s] Copying ../../build/robu/robu.egg-info to /home/robu/work/robu_herdon19_ws/install/robu/lib/python3.10/site-packages/robu-0.0.0-py3.10.egg-info
[1.275s] running install_scripts
[1.301s] Installing mypublisher script to /home/robu/work/robu_herdon19_ws/install/robu/lib/robu
[1.301s] Installing mysubscriber script to /home/robu/work/robu_herdon19_ws/install/robu/lib/robu
[1.301s] Installing wallfollower script to /home/robu/work/robu_herdon19_ws/install/robu/lib/robu
[1.302s] writing list of installed files to '/home/robu/work/robu_herdon19_ws/build/robu/install.log'
[1.349s] Invoked command in '/home/robu/work/robu_herdon19_ws/src/robu' returned '0': PYTHONPATH=/home/robu/work/robu_herdon19_ws/build/robu/prefix_override:/home/robu/work/robu_herdon19_ws/install/robu/lib/python3.10/site-packages:${PYTHONPATH} /usr/bin/python3 setup.py egg_info --egg-base ../../build/robu build --build-base /home/robu/work/robu_herdon19_ws/build/robu/build install --record /home/robu/work/robu_herdon19_ws/build/robu/install.log --single-version-externally-managed
